<?xml version="1.0" encoding="UTF-8"?>
<!-- Generated by org.testng.reporters.JUnitXMLReporter -->
<testsuite ignored="0" hostname="DIKHIT-PC" failures="1" tests="1" name="regression" time="7.374" errors="0" timestamp="2021-03-25T22:25:15 IST">
  <testcase classname="com.application.testcases.LoginPageTest" name="verifyLogo" time="5.054">
    <failure type="java.lang.AssertionError" message="expected [true] but found [false]">
      <![CDATA[java.lang.AssertionError: expected [true] but found [false]
at com.application.testcases.LoginPageTest.verifyLogo(LoginPageTest.java:43)
at java.base/java.util.ArrayList.forEach(ArrayList.java:1511)
... Removed 32 stack frames]]>
    </failure>
  </testcase> <!-- verifyLogo -->
</testsuite> <!-- regression -->
